
> one-way-air-ppc@0.0.1 build
> node scripts/fetch-reviews.js && astro build

ℹ️  GOOGLE_PLACES_API_KEY not set — skipping review fetch. Using existing YAML data.
14:52:08 [vite] Re-optimizing dependencies because vite config has changed
14:52:08 [content] Syncing content
14:52:08 [content] Content config changed
14:52:08 [content] Clearing content store
14:52:08 [content] Synced content
14:52:08 [types] Generated 411ms
14:52:08 [build] output: "static"
14:52:08 [build] mode: "static"
14:52:08 [build] directory: /Users/cheviepublicover/Documents/Antigravity Projects/Website Builder | Anti Gravity/One Way Air PPC/dist/
14:52:08 [build] Collecting build info...
14:52:08 [build] ✓ Completed in 421ms.
14:52:08 [build] Building static entrypoints...
14:52:10 [vite] ✓ built in 1.46s
14:52:10 [build] ✓ Completed in 1.48s.

 building client (vite) 
14:52:10 [vite] transforming...
14:52:10 [vite] ✓ 36 modules transformed.
14:52:10 [vite] rendering chunks...
14:52:10 [vite] computing gzip size...
14:52:10 [vite] dist/_astro/animations-preview.astro_astro_type_script_index_0_lang.EqDzubw7.js    7.04 kB │ gzip:  2.30 kB
14:52:10 [vite] dist/_astro/client.T9fhd2RU.js                                                   194.63 kB │ gzip: 60.99 kB
14:52:10 [vite] ✓ built in 566ms

 generating static routes 
14:52:10 ▶ src/pages/animations-preview.astro
14:52:10   └─ /animations-preview/index.html (+3ms) 
14:52:10 ▶ src/pages/services-demo.astro
14:52:10   └─ /services-demo/index.html (+6ms) 
14:52:10 ▶ src/pages/[page].astro
14:52:10   ├─ /ac-installation/index.html (+6ms) 
14:52:10   ├─ /ac-tune-up/index.html (+2ms) 
14:52:10   ├─ /ac-repair-seo/index.html (+5ms) 
14:52:10   ├─ /ac-repair-ppc/index.html (+6ms) 
14:52:10   ├─ /lehigh-acres/index.html (+3ms) 
14:52:10   ├─ /tampa/index.html (+2ms) 
14:52:10   ├─ /home/index.html (+4ms) 
14:52:10   ├─ /naples/index.html (+3ms) 
14:52:10   └─ /fort-myers/index.html (+3ms) 
14:52:10 ▶ src/pages/index.astro
14:52:10   └─ /index.html (+2ms) 
14:52:10 ✓ Completed in 70ms.

 generating optimized images 
14:52:10   ▶ /_astro/Google__G__logo.svg (1).b5LCHsnO_ZLgwJU.webp (reused cache entry) (+1ms) (1/1)
14:52:10 ✓ Completed in 1ms.

14:52:10 [@astrojs/sitemap] `sitemap-index.xml` created at `dist`
14:52:10 [build] 12 page(s) built in 2.58s
14:52:10 [build] Complete!
